# JRE version: OpenJDK Runtime Environment Temurin-21.0.8+9 (21.0.8+9) (build 21.0.8+9-LTS)
# Java VM: OpenJDK 64-Bit Server VM Temurin-21.0.8+9 (21.0.8+9-LTS, mixed mode, sharing, tiered, compressed oops, compressed class ptrs, parallel gc, windows-amd64)
GC Precious Log:
 CardTable entry size: 512
 CPUs: 6 total, 6 available
 Memory: 15770M
 Large Page Support: Disabled
 NUMA Support: Disabled
 Compressed Oops: Enabled (Zero based)
 Alignments: Space 512K, Generation 512K, Heap 2M
 Heap Min Capacity: 100M
 Heap Initial Capacity: 100M
 Heap Max Capacity: 4G
 Pre-touch: Disabled
 Parallel Workers: 6
Heap:
 PSYoungGen      total 4608K, used 1842K [0x00000007aab00000, 0x00000007ab180000, 0x0000000800000000)
  eden space 4096K, 41% used [0x00000007aab00000,0x00000007aacac948,0x00000007aaf00000)
  from space 512K, 25% used [0x00000007ab100000,0x00000007ab120000,0x00000007ab180000)
  to   space 512K, 0% used [0x00000007ab080000,0x00000007ab080000,0x00000007ab100000)
 ParOldGen       total 788480K, used 788004K [0x0000000700000000, 0x0000000730200000, 0x00000007aab00000)
  object space 788480K, 99% used [0x0000000700000000,0x0000000730189090,0x0000000730200000)
 Metaspace       used 69866K, committed 71360K, reserved 1114112K
  class space    used 7152K, committed 7808K, reserved 1048576K
GC Heap History (20 events):
Event: 89.923 GC heap before
{Heap before GC invocations=1040 (full 3):
 PSYoungGen      total 5120K, used 4752K [0x00000007aab00000, 0x00000007ab100000, 0x0000000800000000)
  eden space 4096K, 100% used [0x00000007aab00000,0x00000007aaf00000,0x00000007aaf00000)
  from space 1024K, 64% used [0x00000007ab000000,0x00000007ab0a4010,0x00000007ab100000)
  to   space 1024K, 0% used [0x00000007aaf00000,0x00000007aaf00000,0x00000007ab000000)
 ParOldGen       total 781824K, used 781799K [0x0000000700000000, 0x000000072fb80000, 0x00000007aab00000)
  object space 781824K, 99% used [0x0000000700000000,0x000000072fb79e50,0x000000072fb80000)
 Metaspace       used 68799K, committed 70272K, reserved 1114112K
  class space    used 7029K, committed 7680K, reserved 1048576K
}
Event: 89.926 GC heap after
{Heap after GC invocations=1040 (full 3):
 PSYoungGen      total 5120K, used 615K [0x00000007aab00000, 0x00000007ab100000, 0x0000000800000000)
  eden space 4096K, 0% used [0x00000007aab00000,0x00000007aab00000,0x00000007aaf00000)
  from space 1024K, 60% used [0x00000007aaf00000,0x00000007aaf99de0,0x00000007ab000000)
  to   space 1024K, 0% used [0x00000007ab000000,0x00000007ab000000,0x00000007ab100000)
 ParOldGen       total 782336K, used 782307K [0x0000000700000000, 0x000000072fc00000, 0x00000007aab00000)
  object space 782336K, 99% used [0x0000000700000000,0x000000072fbf8e80,0x000000072fc00000)
 Metaspace       used 68799K, committed 70272K, reserved 1114112K
  class space    used 7029K, committed 7680K, reserved 1048576K
}
Event: 89.964 GC heap before
{Heap before GC invocations=1041 (full 3):
 PSYoungGen      total 5120K, used 4711K [0x00000007aab00000, 0x00000007ab100000, 0x0000000800000000)
  eden space 4096K, 100% used [0x00000007aab00000,0x00000007aaf00000,0x00000007aaf00000)
  from space 1024K, 60% used [0x00000007aaf00000,0x00000007aaf99de0,0x00000007ab000000)
  to   space 1024K, 0% used [0x00000007ab000000,0x00000007ab000000,0x00000007ab100000)
 ParOldGen       total 782336K, used 782307K [0x0000000700000000, 0x000000072fc00000, 0x00000007aab00000)
  object space 782336K, 99% used [0x0000000700000000,0x000000072fbf8e80,0x000000072fc00000)
 Metaspace       used 69176K, committed 70592K, reserved 1114112K
  class space    used 7069K, committed 7680K, reserved 1048576K
}
Event: 89.966 GC heap after
{Heap after GC invocations=1041 (full 3):
 PSYoungGen      total 4608K, used 346K [0x00000007aab00000, 0x00000007ab080000, 0x0000000800000000)
  eden space 4096K, 0% used [0x00000007aab00000,0x00000007aab00000,0x00000007aaf00000)
  from space 512K, 67% used [0x00000007ab000000,0x00000007ab056900,0x00000007ab080000)
  to   space 512K, 0% used [0x00000007aaf80000,0x00000007aaf80000,0x00000007ab000000)
 ParOldGen       total 782848K, used 782842K [0x0000000700000000, 0x000000072fc80000, 0x00000007aab00000)
  object space 782848K, 99% used [0x0000000700000000,0x000000072fc7e8a0,0x000000072fc80000)
 Metaspace       used 69176K, committed 70592K, reserved 1114112K
  class space    used 7069K, committed 7680K, reserved 1048576K
}
Event: 89.979 GC heap before
{Heap before GC invocations=1042 (full 3):
 PSYoungGen      total 4608K, used 4373K [0x00000007aab00000, 0x00000007ab080000, 0x0000000800000000)
  eden space 4096K, 98% used [0x00000007aab00000,0x00000007aaeeecc0,0x00000007aaf00000)
  from space 512K, 67% used [0x00000007ab000000,0x00000007ab056900,0x00000007ab080000)
  to   space 512K, 0% used [0x00000007aaf80000,0x00000007aaf80000,0x00000007ab000000)
 ParOldGen       total 782848K, used 782842K [0x0000000700000000, 0x000000072fc80000, 0x00000007aab00000)
  object space 782848K, 99% used [0x0000000700000000,0x000000072fc7e8a0,0x000000072fc80000)
 Metaspace       used 69180K, committed 70592K, reserved 1114112K
  class space    used 7069K, committed 7680K, reserved 1048576K
}
Event: 89.982 GC heap after
{Heap after GC invocations=1042 (full 3):
 PSYoungGen      total 4608K, used 510K [0x00000007aab00000, 0x00000007ab600000, 0x0000000800000000)
  eden space 4096K, 0% used [0x00000007aab00000,0x00000007aab00000,0x00000007aaf00000)
  from space 512K, 99% used [0x00000007aaf80000,0x00000007aafff918,0x00000007ab000000)
  to   space 3584K, 0% used [0x00000007ab280000,0x00000007ab280000,0x00000007ab600000)
 ParOldGen       total 785408K, used 785198K [0x0000000700000000, 0x000000072ff00000, 0x00000007aab00000)
  object space 785408K, 99% used [0x0000000700000000,0x000000072fecb840,0x000000072ff00000)
 Metaspace       used 69180K, committed 70592K, reserved 1114112K
  class space    used 7069K, committed 7680K, reserved 1048576K
}
Event: 90.007 GC heap before
{Heap before GC invocations=1043 (full 3):
 PSYoungGen      total 4608K, used 4606K [0x00000007aab00000, 0x00000007ab600000, 0x0000000800000000)
  eden space 4096K, 100% used [0x00000007aab00000,0x00000007aaf00000,0x00000007aaf00000)
  from space 512K, 99% used [0x00000007aaf80000,0x00000007aafff918,0x00000007ab000000)
  to   space 3584K, 0% used [0x00000007ab280000,0x00000007ab280000,0x00000007ab600000)
 ParOldGen       total 785408K, used 785198K [0x0000000700000000, 0x000000072ff00000, 0x00000007aab00000)
  object space 785408K, 99% used [0x0000000700000000,0x000000072fecb840,0x000000072ff00000)
 Metaspace       used 69268K, committed 70720K, reserved 1114112K
  class space    used 7093K, committed 7744K, reserved 1048576K
}
Event: 90.009 GC heap after
{Heap after GC invocations=1043 (full 3):
 PSYoungGen      total 7680K, used 3018K [0x00000007aab00000, 0x00000007ab600000, 0x0000000800000000)
  eden space 4096K, 0% used [0x00000007aab00000,0x00000007aab00000,0x00000007aaf00000)
  from space 3584K, 84% used [0x00000007ab280000,0x00000007ab572848,0x00000007ab600000)
  to   space 3584K, 0% used [0x00000007aaf00000,0x00000007aaf00000,0x00000007ab280000)
 ParOldGen       total 785920K, used 785725K [0x0000000700000000, 0x000000072ff80000, 0x00000007aab00000)
  object space 785920K, 99% used [0x0000000700000000,0x000000072ff4f788,0x000000072ff80000)
 Metaspace       used 69268K, committed 70720K, reserved 1114112K
  class space    used 7093K, committed 7744K, reserved 1048576K
}
Event: 158.272 GC heap before
{Heap before GC invocations=1044 (full 3):
 PSYoungGen      total 7680K, used 7114K [0x00000007aab00000, 0x00000007ab600000, 0x0000000800000000)
  eden space 4096K, 99% used [0x00000007aab00000,0x00000007aaefffe0,0x00000007aaf00000)
  from space 3584K, 84% used [0x00000007ab280000,0x00000007ab572848,0x00000007ab600000)
  to   space 3584K, 0% used [0x00000007aaf00000,0x00000007aaf00000,0x00000007ab280000)
 ParOldGen       total 785920K, used 785725K [0x0000000700000000, 0x000000072ff80000, 0x00000007aab00000)
  object space 785920K, 99% used [0x0000000700000000,0x000000072ff4f788,0x000000072ff80000)
 Metaspace       used 69474K, committed 70912K, reserved 1114112K
  class space    used 7115K, committed 7744K, reserved 1048576K
}
Event: 158.275 GC heap after
{Heap after GC invocations=1044 (full 3):
 PSYoungGen      total 5120K, used 640K [0x00000007aab00000, 0x00000007ab300000, 0x0000000800000000)
  eden space 4096K, 0% used [0x00000007aab00000,0x00000007aab00000,0x00000007aaf00000)
  from space 1024K, 62% used [0x00000007aaf00000,0x00000007aafa0000,0x00000007ab000000)
  to   space 1536K, 0% used [0x00000007ab180000,0x00000007ab180000,0x00000007ab300000)
 ParOldGen       total 786432K, used 786197K [0x0000000700000000, 0x0000000730000000, 0x00000007aab00000)
  object space 786432K, 99% used [0x0000000700000000,0x000000072ffc5788,0x0000000730000000)
 Metaspace       used 69474K, committed 70912K, reserved 1114112K
  class space    used 7115K, committed 7744K, reserved 1048576K
}
Event: 226.653 GC heap before
{Heap before GC invocations=1045 (full 3):
 PSYoungGen      total 5120K, used 4736K [0x00000007aab00000, 0x00000007ab300000, 0x0000000800000000)
  eden space 4096K, 100% used [0x00000007aab00000,0x00000007aaf00000,0x00000007aaf00000)
  from space 1024K, 62% used [0x00000007aaf00000,0x00000007aafa0000,0x00000007ab000000)
  to   space 1536K, 0% used [0x00000007ab180000,0x00000007ab180000,0x00000007ab300000)
 ParOldGen       total 786432K, used 786197K [0x0000000700000000, 0x0000000730000000, 0x00000007aab00000)
  object space 786432K, 99% used [0x0000000700000000,0x000000072ffc5788,0x0000000730000000)
 Metaspace       used 69513K, committed 71040K, reserved 1114112K
  class space    used 7116K, committed 7744K, reserved 1048576K
}
Event: 226.656 GC heap after
{Heap after GC invocations=1045 (full 3):
 PSYoungGen      total 4608K, used 192K [0x00000007aab00000, 0x00000007ab200000, 0x0000000800000000)
  eden space 4096K, 0% used [0x00000007aab00000,0x00000007aab00000,0x00000007aaf00000)
  from space 512K, 37% used [0x00000007ab180000,0x00000007ab1b0000,0x00000007ab200000)
  to   space 512K, 0% used [0x00000007ab100000,0x00000007ab100000,0x00000007ab180000)
 ParOldGen       total 786944K, used 786772K [0x0000000700000000, 0x0000000730080000, 0x00000007aab00000)
  object space 786944K, 99% used [0x0000000700000000,0x0000000730055220,0x0000000730080000)
 Metaspace       used 69513K, committed 71040K, reserved 1114112K
  class space    used 7116K, committed 7744K, reserved 1048576K
}
Event: 249.026 GC heap before
{Heap before GC invocations=1046 (full 3):
 PSYoungGen      total 4608K, used 4288K [0x00000007aab00000, 0x00000007ab200000, 0x0000000800000000)
  eden space 4096K, 100% used [0x00000007aab00000,0x00000007aaf00000,0x00000007aaf00000)
  from space 512K, 37% used [0x00000007ab180000,0x00000007ab1b0000,0x00000007ab200000)
  to   space 512K, 0% used [0x00000007ab100000,0x00000007ab100000,0x00000007ab180000)
 ParOldGen       total 786944K, used 786772K [0x0000000700000000, 0x0000000730080000, 0x00000007aab00000)
  object space 786944K, 99% used [0x0000000700000000,0x0000000730055220,0x0000000730080000)
 Metaspace       used 69553K, committed 71104K, reserved 1114112K
  class space    used 7121K, committed 7808K, reserved 1048576K
}
Event: 249.029 GC heap after
{Heap after GC invocations=1046 (full 3):
 PSYoungGen      total 4608K, used 160K [0x00000007aab00000, 0x00000007ab200000, 0x0000000800000000)
  eden space 4096K, 0% used [0x00000007aab00000,0x00000007aab00000,0x00000007aaf00000)
  from space 512K, 31% used [0x00000007ab100000,0x00000007ab128000,0x00000007ab180000)
  to   space 512K, 0% used [0x00000007ab180000,0x00000007ab180000,0x00000007ab200000)
 ParOldGen       total 786944K, used 786812K [0x0000000700000000, 0x0000000730080000, 0x00000007aab00000)
  object space 786944K, 99% used [0x0000000700000000,0x000000073005f220,0x0000000730080000)
 Metaspace       used 69553K, committed 71104K, reserved 1114112K
  class space    used 7121K, committed 7808K, reserved 1048576K
}
Event: 249.445 GC heap before
{Heap before GC invocations=1047 (full 3):
 PSYoungGen      total 4608K, used 4256K [0x00000007aab00000, 0x00000007ab200000, 0x0000000800000000)
  eden space 4096K, 100% used [0x00000007aab00000,0x00000007aaf00000,0x00000007aaf00000)
  from space 512K, 31% used [0x00000007ab100000,0x00000007ab128000,0x00000007ab180000)
  to   space 512K, 0% used [0x00000007ab180000,0x00000007ab180000,0x00000007ab200000)
 ParOldGen       total 786944K, used 786812K [0x0000000700000000, 0x0000000730080000, 0x00000007aab00000)
  object space 786944K, 99% used [0x0000000700000000,0x000000073005f220,0x0000000730080000)
 Metaspace       used 69564K, committed 71168K, reserved 1114112K
  class space    used 7121K, committed 7808K, reserved 1048576K
}
Event: 249.447 GC heap after
{Heap after GC invocations=1047 (full 3):
 PSYoungGen      total 4608K, used 500K [0x00000007aab00000, 0x00000007ab200000, 0x0000000800000000)
  eden space 4096K, 0% used [0x00000007aab00000,0x00000007aab00000,0x00000007aaf00000)
  from space 512K, 97% used [0x00000007ab180000,0x00000007ab1fd200,0x00000007ab200000)
  to   space 1024K, 0% used [0x00000007ab000000,0x00000007ab000000,0x00000007ab100000)
 ParOldGen       total 787456K, used 787072K [0x0000000700000000, 0x0000000730100000, 0x00000007aab00000)
  object space 787456K, 99% used [0x0000000700000000,0x00000007300a0240,0x0000000730100000)
 Metaspace       used 69564K, committed 71168K, reserved 1114112K
  class space    used 7121K, committed 7808K, reserved 1048576K
}
Event: 249.468 GC heap before
{Heap before GC invocations=1048 (full 3):
 PSYoungGen      total 4608K, used 4596K [0x00000007aab00000, 0x00000007ab200000, 0x0000000800000000)
  eden space 4096K, 100% used [0x00000007aab00000,0x00000007aaf00000,0x00000007aaf00000)
  from space 512K, 97% used [0x00000007ab180000,0x00000007ab1fd200,0x00000007ab200000)
  to   space 1024K, 0% used [0x00000007ab000000,0x00000007ab000000,0x00000007ab100000)
 ParOldGen       total 787456K, used 787072K [0x0000000700000000, 0x0000000730100000, 0x00000007aab00000)
  object space 787456K, 99% used [0x0000000700000000,0x00000007300a0240,0x0000000730100000)
 Metaspace       used 69566K, committed 71168K, reserved 1114112K
  class space    used 7121K, committed 7808K, reserved 1048576K
}
Event: 249.471 GC heap after
{Heap after GC invocations=1048 (full 3):
 PSYoungGen      total 5120K, used 954K [0x00000007aab00000, 0x00000007ab200000, 0x0000000800000000)
  eden space 4096K, 0% used [0x00000007aab00000,0x00000007aab00000,0x00000007aaf00000)
  from space 1024K, 93% used [0x00000007ab000000,0x00000007ab0ee900,0x00000007ab100000)
  to   space 1024K, 0% used [0x00000007ab100000,0x00000007ab100000,0x00000007ab200000)
 ParOldGen       total 787968K, used 787550K [0x0000000700000000, 0x0000000730180000, 0x00000007aab00000)
  object space 787968K, 99% used [0x0000000700000000,0x0000000730117910,0x0000000730180000)
 Metaspace       used 69566K, committed 71168K, reserved 1114112K
  class space    used 7121K, committed 7808K, reserved 1048576K
}
Event: 306.656 GC heap before
{Heap before GC invocations=1049 (full 3):
 PSYoungGen      total 5120K, used 5050K [0x00000007aab00000, 0x00000007ab200000, 0x0000000800000000)
  eden space 4096K, 100% used [0x00000007aab00000,0x00000007aaf00000,0x00000007aaf00000)
  from space 1024K, 93% used [0x00000007ab000000,0x00000007ab0ee900,0x00000007ab100000)
  to   space 1024K, 0% used [0x00000007ab100000,0x00000007ab100000,0x00000007ab200000)
 ParOldGen       total 787968K, used 787550K [0x0000000700000000, 0x0000000730180000, 0x00000007aab00000)
  object space 787968K, 99% used [0x0000000700000000,0x0000000730117910,0x0000000730180000)
 Metaspace       used 69612K, committed 71168K, reserved 1114112K
  class space    used 7125K, committed 7808K, reserved 1048576K
}
Event: 306.676 GC heap after
{Heap after GC invocations=1049 (full 3):
 PSYoungGen      total 4608K, used 128K [0x00000007aab00000, 0x00000007ab180000, 0x0000000800000000)
  eden space 4096K, 0% used [0x00000007aab00000,0x00000007aab00000,0x00000007aaf00000)
  from space 512K, 25% used [0x00000007ab100000,0x00000007ab120000,0x00000007ab180000)
  to   space 512K, 0% used [0x00000007ab080000,0x00000007ab080000,0x00000007ab100000)
 ParOldGen       total 788480K, used 788004K [0x0000000700000000, 0x0000000730200000, 0x00000007aab00000)
  object space 788480K, 99% used [0x0000000700000000,0x0000000730189090,0x0000000730200000)
 Metaspace       used 69612K, committed 71168K, reserved 1114112K
  class space    used 7125K, committed 7808K, reserved 1048576K
}

